Using pre-set license
Built from '2021.1/staging' branch; Version is '2021.1.15f1 (e767a7370072) revision 15165351'; Using compiler version '192528614'; Build Type 'Release'
OS: 'Windows 10 Home; OS build 22000.556; Version 2009; 64bit' Language: 'en' Physical Memory: 15776 MB
BatchMode: 1, IsHumanControllingUs: 0, StartBugReporterOnCrash: 0, Is64bit: 1, IsPro: 0

 COMMAND LINE ARGUMENTS:
C:\Program Files\Unity\Hub\Editor\2021.1.15f1\Editor\Unity.exe
-adb2
-batchMode
-noUpm
-name
AssetImportWorker0
-projectPath
C:/Sathwik/School/12th/3rd - GD2/TheLegendOfSheldonKing/TLOSKg
-logFile
Logs/AssetImportWorker0.log
-srvPort
65045
Successfully changed project path to: C:/Sathwik/School/12th/3rd - GD2/TheLegendOfSheldonKing/TLOSKg
C:/Sathwik/School/12th/3rd - GD2/TheLegendOfSheldonKing/TLOSKg
Using Asset Import Pipeline V2.
Refreshing native plugins compatible for Editor in 130.49 ms, found 4 plugins.
Preloading 0 native plugins for Editor in 0.00 ms.
Initialize engine version: 2021.1.15f1 (e767a7370072)
[Subsystems] Discovering subsystems at path C:/Program Files/Unity/Hub/Editor/2021.1.15f1/Editor/Data/Resources/UnitySubsystems
[Subsystems] Discovering subsystems at path C:/Sathwik/School/12th/3rd - GD2/TheLegendOfSheldonKing/TLOSKg/Assets
GfxDevice: creating device client; threaded=0; jobified=0
Direct3D:
    Version:  Direct3D 11.0 [level 11.1]
    Renderer: NVIDIA GeForce RTX 3070 Laptop GPU (ID=0x249d)
    Vendor:   NVIDIA
    VRAM:     8044 MB
    Driver:   30.0.15.1165
Initialize mono
Mono path[0] = 'C:/Program Files/Unity/Hub/Editor/2021.1.15f1/Editor/Data/Managed'
Mono path[1] = 'C:/Program Files/Unity/Hub/Editor/2021.1.15f1/Editor/Data/MonoBleedingEdge/lib/mono/unityjit'
Mono config path = 'C:/Program Files/Unity/Hub/Editor/2021.1.15f1/Editor/Data/MonoBleedingEdge/etc'
Using monoOptions --debugger-agent=transport=dt_socket,embedding=1,server=y,suspend=n,address=127.0.0.1:56040
Begin MonoManager ReloadAssembly
Registering precompiled unity dll's ...
Register platform support module: C:/Program Files/Unity/Hub/Editor/2021.1.15f1/Editor/Data/PlaybackEngines/WindowsStandaloneSupport/UnityEditor.WindowsStandalone.Extensions.dll
Registered in 0.002083 seconds.
Native extension for WindowsStandalone target not found
Refreshing native plugins compatible for Editor in 130.79 ms, found 4 plugins.
Preloading 0 native plugins for Editor in 0.00 ms.
Mono: successfully reloaded assembly
- Completed reload, in  1.560 seconds
Domain Reload Profiling:
	ReloadAssembly (1560ms)
		BeginReloadAssembly (76ms)
			ExecutionOrderSort (0ms)
			DisableScriptedObjects (0ms)
			BackupInstance (0ms)
			ReleaseScriptingObjects (0ms)
			CreateAndSetChildDomain (1ms)
		EndReloadAssembly (603ms)
			LoadAssemblies (73ms)
			RebuildTransferFunctionScriptingTraits (0ms)
			SetupTypeCache (191ms)
			ReleaseScriptCaches (0ms)
			RebuildScriptCaches (35ms)
			SetupLoadedEditorAssemblies (315ms)
				LogAssemblyErrors (0ms)
				InitializePlatformSupportModulesInManaged (8ms)
				SetLoadedEditorAssemblies (0ms)
				RefreshPlugins (131ms)
				BeforeProcessingInitializeOnLoad (2ms)
				ProcessInitializeOnLoadAttributes (134ms)
				ProcessInitializeOnLoadMethodAttributes (40ms)
				AfterProcessingInitializeOnLoad (0ms)
				EditorAssembliesLoaded (0ms)
			ExecutionOrderSort2 (0ms)
			AwakeInstancesAfterBackupRestoration (0ms)
Platform modules already initialized, skipping
Registering precompiled user dll's ...
Registered in 0.008120 seconds.
Begin MonoManager ReloadAssembly
Symbol file LoadedFromMemory doesn't match image C:\Sathwik\School\12th\3rd - GD2\TheLegendOfSheldonKing\TLOSKg\Library\PackageCache\com.unity.visualscripting@1.6.1\Editor\VisualScripting.Core\Dependencies\YamlDotNet\Unity.VisualScripting.YamlDotNet.dll
Symbol file LoadedFromMemory doesn't match image C:\Sathwik\School\12th\3rd - GD2\TheLegendOfSheldonKing\TLOSKg\Library\PackageCache\com.unity.visualscripting@1.6.1\Editor\VisualScripting.Core\Dependencies\DotNetZip\Unity.VisualScripting.IonicZip.dll
Native extension for WindowsStandalone target not found
Refreshing native plugins compatible for Editor in 123.69 ms, found 4 plugins.
Preloading 0 native plugins for Editor in 0.00 ms.
Mono: successfully reloaded assembly
- Completed reload, in  1.576 seconds
Domain Reload Profiling:
	ReloadAssembly (1577ms)
		BeginReloadAssembly (170ms)
			ExecutionOrderSort (0ms)
			DisableScriptedObjects (7ms)
			BackupInstance (0ms)
			ReleaseScriptingObjects (0ms)
			CreateAndSetChildDomain (23ms)
		EndReloadAssembly (1334ms)
			LoadAssemblies (116ms)
			RebuildTransferFunctionScriptingTraits (0ms)
			SetupTypeCache (410ms)
			ReleaseScriptCaches (1ms)
			RebuildScriptCaches (71ms)
			SetupLoadedEditorAssemblies (594ms)
				LogAssemblyErrors (0ms)
				InitializePlatformSupportModulesInManaged (5ms)
				SetLoadedEditorAssemblies (0ms)
				RefreshPlugins (124ms)
				BeforeProcessingInitializeOnLoad (110ms)
				ProcessInitializeOnLoadAttributes (324ms)
				ProcessInitializeOnLoadMethodAttributes (22ms)
				AfterProcessingInitializeOnLoad (9ms)
				EditorAssembliesLoaded (0ms)
			ExecutionOrderSort2 (0ms)
			AwakeInstancesAfterBackupRestoration (9ms)
Platform modules already initialized, skipping
========================================================================
Worker process is ready to serve import requests
Launched and connected shader compiler UnityShaderCompiler.exe after 0.06 seconds
Refreshing native plugins compatible for Editor in 0.93 ms, found 4 plugins.
Preloading 0 native plugins for Editor in 0.00 ms.
Unloading 3692 Unused Serialized files (Serialized files now loaded: 0)
System memory in use before: 136.7 MB.
System memory in use after: 136.9 MB.

Unloading 32 unused Assets to reduce memory usage. Loaded Objects now: 4141.
Total: 5.425200 ms (FindLiveObjects: 0.287900 ms CreateObjectMapping: 0.249700 ms MarkObjects: 4.809700 ms  DeleteObjects: 0.076800 ms)

AssetImportParameters requested are different than current active one (requested -> active):
  custom:framework-win-MediaFoundation: 216162199b28c13a410421893ffa2e32 -> 
  custom:video-decoder-ogg-theora: a1e56fd34408186e4bbccfd4996cb3dc -> 
  custom:container-muxer-webm: aa71ff27fc2769a1b78a27578f13a17b -> 
  custom:container-demuxer-webm: 4f35f7cbe854078d1ac9338744f61a02 -> 
  custom:container-demuxer-ogg: 62fdf1f143b41e24485cea50d1cbac27 -> 
  custom:video-encoder-webm-vp8: eb34c28f22e8b96e1ab97ce403110664 -> 
  custom:video-codec-MediaFoundation-h265: 746d11721c4dcdbdad8f713fa42b33f4 -> 
  custom:video-decoder-webm-vp8: 9c59270c3fd7afecdb556c50c9e8de78 -> 
  custom:audio-decoder-ogg-vorbis: bf7c407c2cedff20999df2af8eb42d56 -> 
  custom:audio-encoder-webm-vorbis: bf7c407c2cedff20999df2af8eb42d56 -> 
========================================================================
Received Import Request.
  path: Assets/Scenes
  artifactKey: Guid(131a6b21c8605f84396be9f6751fb6e3) Importer(815301076,1909f56bfc062723c751e8b465ee728b)
Start importing Assets/Scenes using Guid(131a6b21c8605f84396be9f6751fb6e3) Importer(815301076,1909f56bfc062723c751e8b465ee728b)  -> (artifact id: 'ffae677c86e903bacef8065336249a81') in 0.008280 seconds 
========================================================================
Received Import Request.
  Time since last request: 0.001166 seconds.
  path: Assets/Scenes/SampleScene.unity
  artifactKey: Guid(2cda990e2423bbf4892e6590ba056729) Importer(815301076,1909f56bfc062723c751e8b465ee728b)
Start importing Assets/Scenes/SampleScene.unity using Guid(2cda990e2423bbf4892e6590ba056729) Importer(815301076,1909f56bfc062723c751e8b465ee728b)  -> (artifact id: 'ecadc84a402f2367a788fc0ab0472025') in 0.017489 seconds 
========================================================================
Received Import Request.
  Time since last request: 0.001086 seconds.
  path: Assets/Scenes/mechanics.unity
  artifactKey: Guid(4f5fdf52c61e11741a9e161870d2a640) Importer(815301076,1909f56bfc062723c751e8b465ee728b)
Start importing Assets/Scenes/mechanics.unity using Guid(4f5fdf52c61e11741a9e161870d2a640) Importer(815301076,1909f56bfc062723c751e8b465ee728b)  -> (artifact id: 'cb44c9727b4eadaa65aa9058e6e2b819') in 0.006707 seconds 
========================================================================
Received Import Request.
  Time since last request: 302.204275 seconds.
  path: Assets/Sprites
  artifactKey: Guid(8e9710f8b6a0005429a721888b445072) Importer(815301076,1909f56bfc062723c751e8b465ee728b)
Start importing Assets/Sprites using Guid(8e9710f8b6a0005429a721888b445072) Importer(815301076,1909f56bfc062723c751e8b465ee728b)  -> (artifact id: '31f8b19027312bf1b04f6b66386f3f55') in 0.004445 seconds 
========================================================================
Received Import Request.
  Time since last request: 0.050945 seconds.
  path: Assets/Sprites/temptileset.png
  artifactKey: Guid(80c9ae79ddf7e0b43b4737bb40a37477) Importer(815301076,1909f56bfc062723c751e8b465ee728b)
Start importing Assets/Sprites/temptileset.png using Guid(80c9ae79ddf7e0b43b4737bb40a37477) Importer(815301076,1909f56bfc062723c751e8b465ee728b)  -> (artifact id: '5a235aca963a26f99b8d66c33afe1dca') in 0.129529 seconds 
========================================================================
Received Import Request.
  Time since last request: 0.000695 seconds.
  path: Assets/Sprites/temptileset_0.prefab
  artifactKey: Guid(a4c6e4a3377eb364a835925129e6be95) Importer(815301076,1909f56bfc062723c751e8b465ee728b)
Start importing Assets/Sprites/temptileset_0.prefab using Guid(a4c6e4a3377eb364a835925129e6be95) Importer(815301076,1909f56bfc062723c751e8b465ee728b)  -> (artifact id: 'c4614a1a94b74edfa8de0ce51a5b6236') in 0.062180 seconds 
========================================================================
Received Import Request.
  Time since last request: 5.601933 seconds.
  path: Assets/Sprites/Enemy1.png
  artifactKey: Guid(a6387f41a7bb4eb47b5c1dc326848d2a) Importer(815301076,1909f56bfc062723c751e8b465ee728b)
Start importing Assets/Sprites/Enemy1.png using Guid(a6387f41a7bb4eb47b5c1dc326848d2a) Importer(815301076,1909f56bfc062723c751e8b465ee728b)  -> (artifact id: '320a15dfe6f2f1e5152c62a63efcfe03') in 0.023912 seconds 
========================================================================
Received Import Request.
  Time since last request: 0.000808 seconds.
  path: Assets/Sprites/Spaceman.png
  artifactKey: Guid(5536401587252074e8b0db4b4e1e0649) Importer(815301076,1909f56bfc062723c751e8b465ee728b)
Start importing Assets/Sprites/Spaceman.png using Guid(5536401587252074e8b0db4b4e1e0649) Importer(815301076,1909f56bfc062723c751e8b465ee728b)  -> (artifact id: '4e4040460a9454782674686ee4f27f1d') in 0.015201 seconds 
========================================================================
Received Import Request.
  Time since last request: 40.946260 seconds.
  path: Assets/Sprites/Spaceman.png
  artifactKey: Guid(5536401587252074e8b0db4b4e1e0649) Importer(815301076,1909f56bfc062723c751e8b465ee728b)
Start importing Assets/Sprites/Spaceman.png using Guid(5536401587252074e8b0db4b4e1e0649) Importer(815301076,1909f56bfc062723c751e8b465ee728b)  -> (artifact id: '646412723e48ddd57e20871b461f836d') in 0.026884 seconds 
========================================================================
Received Import Request.
  Time since last request: 22.700265 seconds.
  path: Assets/Sprites/Spaceman.png
  artifactKey: Guid(5536401587252074e8b0db4b4e1e0649) Importer(815301076,1909f56bfc062723c751e8b465ee728b)
Start importing Assets/Sprites/Spaceman.png using Guid(5536401587252074e8b0db4b4e1e0649) Importer(815301076,1909f56bfc062723c751e8b465ee728b)  -> (artifact id: 'c4f516df2bcbe80ff8819cda27fc83f4') in 0.020530 seconds 
========================================================================
Received Import Request.
  Time since last request: 38.767186 seconds.
  path: Assets/Sprites/Spaceman.png
  artifactKey: Guid(5536401587252074e8b0db4b4e1e0649) Importer(815301076,1909f56bfc062723c751e8b465ee728b)
Start importing Assets/Sprites/Spaceman.png using Guid(5536401587252074e8b0db4b4e1e0649) Importer(815301076,1909f56bfc062723c751e8b465ee728b)  -> (artifact id: '05cbc036ae5e9283466f6378bfdfbb9f') in 0.014002 seconds 
========================================================================
Received Import Request.
  Time since last request: 27.349126 seconds.
  path: Assets/Sprites/Spaceman.png
  artifactKey: Guid(5536401587252074e8b0db4b4e1e0649) Importer(815301076,1909f56bfc062723c751e8b465ee728b)
Start importing Assets/Sprites/Spaceman.png using Guid(5536401587252074e8b0db4b4e1e0649) Importer(815301076,1909f56bfc062723c751e8b465ee728b)  -> (artifact id: '1bfb8ad1766aa9be8b9443679df62de6') in 0.017523 seconds 
========================================================================
Received Import Request.
  Time since last request: 8.177368 seconds.
  path: Assets/Sprites/Spaceman.png
  artifactKey: Guid(5536401587252074e8b0db4b4e1e0649) Importer(815301076,1909f56bfc062723c751e8b465ee728b)
Start importing Assets/Sprites/Spaceman.png using Guid(5536401587252074e8b0db4b4e1e0649) Importer(815301076,1909f56bfc062723c751e8b465ee728b)  -> (artifact id: 'ff0911a62fe9e751c0b73a94a8b996ba') in 0.016950 seconds 
